C:\DOCUMENTS AND SETTINGS\PHILLIP\MY DOCUMENTS\DERITRVIVST\DERITRVI\DERITRVI\RELEASE\AEFFGUIEDITOR.OBJ
C:\DOCUMENTS AND SETTINGS\PHILLIP\MY DOCUMENTS\DERITRVIVST\DERITRVI\DERITRVI\RELEASE\AUDIOEFFECT.OBJ
C:\DOCUMENTS AND SETTINGS\PHILLIP\MY DOCUMENTS\DERITRVIVST\DERITRVI\DERITRVI\RELEASE\AUDIOEFFECTX.OBJ
C:\Documents and Settings\phillip\My Documents\DeritrviVST\Deritrvi\Deritrvi\Release\cl.command.1.tlog
C:\Documents and Settings\phillip\My Documents\DeritrviVST\Deritrvi\Deritrvi\Release\CL.read.1.tlog
C:\Documents and Settings\phillip\My Documents\DeritrviVST\Deritrvi\Deritrvi\Release\CL.write.1.tlog
C:\DOCUMENTS AND SETTINGS\PHILLIP\MY DOCUMENTS\DERITRVIVST\DERITRVI\DERITRVI\RELEASE\DERITRVI.DLL
C:\DOCUMENTS AND SETTINGS\PHILLIP\MY DOCUMENTS\DERITRVIVST\DERITRVI\DERITRVI\RELEASE\DERITRVI.DLL.INTERMEDIATE.MANIFEST
C:\Documents and Settings\phillip\My Documents\DeritrviVST\Deritrvi\Deritrvi\Release\deritrvi.exp
C:\Documents and Settings\phillip\My Documents\DeritrviVST\Deritrvi\Deritrvi\Release\deritrvi.lib
C:\DOCUMENTS AND SETTINGS\PHILLIP\MY DOCUMENTS\DERITRVIVST\DERITRVI\DERITRVI\RELEASE\DERITRVI.OBJ
C:\DOCUMENTS AND SETTINGS\PHILLIP\MY DOCUMENTS\DERITRVIVST\DERITRVI\DERITRVI\RELEASE\DERITRVI.PDB
C:\DOCUMENTS AND SETTINGS\PHILLIP\MY DOCUMENTS\DERITRVIVST\DERITRVI\DERITRVI\RELEASE\DERITRVI.RES
C:\Documents and Settings\phillip\My Documents\DeritrviVST\Deritrvi\Deritrvi\Release\deritrvi.write.1.tlog
C:\DOCUMENTS AND SETTINGS\PHILLIP\MY DOCUMENTS\DERITRVIVST\DERITRVI\DERITRVI\RELEASE\DERITRVIEDITOR.OBJ
C:\DOCUMENTS AND SETTINGS\PHILLIP\MY DOCUMENTS\DERITRVIVST\DERITRVI\DERITRVI\RELEASE\DERITRVIMAIN.OBJ
C:\Documents and Settings\phillip\My Documents\DeritrviVST\Deritrvi\Deritrvi\Release\link.command.1.tlog
C:\Documents and Settings\phillip\My Documents\DeritrviVST\Deritrvi\Deritrvi\Release\link.read.1.tlog
C:\Documents and Settings\phillip\My Documents\DeritrviVST\Deritrvi\Deritrvi\Release\link.write.1.tlog
C:\Documents and Settings\phillip\My Documents\DeritrviVST\Deritrvi\Deritrvi\Release\link-cvtres.read.1.tlog
C:\Documents and Settings\phillip\My Documents\DeritrviVST\Deritrvi\Deritrvi\Release\link-cvtres.write.1.tlog
C:\Documents and Settings\phillip\My Documents\DeritrviVST\Deritrvi\Deritrvi\Release\mt.command.1.tlog
C:\Documents and Settings\phillip\My Documents\DeritrviVST\Deritrvi\Deritrvi\Release\mt.read.1.tlog
C:\Documents and Settings\phillip\My Documents\DeritrviVST\Deritrvi\Deritrvi\Release\mt.write.1.tlog
C:\Documents and Settings\phillip\My Documents\DeritrviVST\Deritrvi\Deritrvi\Release\rc.command.1.tlog
C:\Documents and Settings\phillip\My Documents\DeritrviVST\Deritrvi\Deritrvi\Release\rc.read.1.tlog
C:\Documents and Settings\phillip\My Documents\DeritrviVST\Deritrvi\Deritrvi\Release\rc.write.1.tlog
C:\DOCUMENTS AND SETTINGS\PHILLIP\MY DOCUMENTS\DERITRVIVST\DERITRVI\DERITRVI\RELEASE\VC100.PDB
C:\DOCUMENTS AND SETTINGS\PHILLIP\MY DOCUMENTS\DERITRVIVST\DERITRVI\DERITRVI\RELEASE\VSTCONTROLS.OBJ
C:\DOCUMENTS AND SETTINGS\PHILLIP\MY DOCUMENTS\DERITRVIVST\DERITRVI\DERITRVI\RELEASE\VSTGUI.OBJ
C:\DOCUMENTS AND SETTINGS\PHILLIP\MY DOCUMENTS\DERITRVIVST\DERITRVI\DERITRVI\RELEASE\VSTPLUGMAIN.OBJ
