C:\DOCUMENTS AND SETTINGS\PHILLIP\MY DOCUMENTS\DERITRVIVST\DERITRVI\DERITRVI\DEBUG\AEFFGUIEDITOR.OBJ
C:\DOCUMENTS AND SETTINGS\PHILLIP\MY DOCUMENTS\DERITRVIVST\DERITRVI\DERITRVI\DEBUG\AUDIOEFFECT.OBJ
C:\DOCUMENTS AND SETTINGS\PHILLIP\MY DOCUMENTS\DERITRVIVST\DERITRVI\DERITRVI\DEBUG\AUDIOEFFECTX.OBJ
C:\Documents and Settings\phillip\My Documents\DeritrviVST\Deritrvi\Deritrvi\Debug\cl.command.1.tlog
C:\Documents and Settings\phillip\My Documents\DeritrviVST\Deritrvi\Deritrvi\Debug\CL.read.1.tlog
C:\Documents and Settings\phillip\My Documents\DeritrviVST\Deritrvi\Deritrvi\Debug\CL.write.1.tlog
C:\DOCUMENTS AND SETTINGS\PHILLIP\MY DOCUMENTS\DERITRVIVST\DERITRVI\DERITRVI\DEBUG\DERITRVI.DLL
C:\DOCUMENTS AND SETTINGS\PHILLIP\MY DOCUMENTS\DERITRVIVST\DERITRVI\DERITRVI\DEBUG\DERITRVI.DLL.EMBED.MANIFEST
C:\DOCUMENTS AND SETTINGS\PHILLIP\MY DOCUMENTS\DERITRVIVST\DERITRVI\DERITRVI\DEBUG\DERITRVI.DLL.EMBED.MANIFEST.RES
C:\DOCUMENTS AND SETTINGS\PHILLIP\MY DOCUMENTS\DERITRVIVST\DERITRVI\DERITRVI\DEBUG\DERITRVI.DLL.INTERMEDIATE.MANIFEST
C:\Documents and Settings\phillip\My Documents\DeritrviVST\Deritrvi\Deritrvi\Debug\deritrvi.exp
C:\DOCUMENTS AND SETTINGS\PHILLIP\MY DOCUMENTS\DERITRVIVST\DERITRVI\DERITRVI\DEBUG\DERITRVI.ILK
C:\Documents and Settings\phillip\My Documents\DeritrviVST\Deritrvi\Deritrvi\Debug\deritrvi.lib
C:\DOCUMENTS AND SETTINGS\PHILLIP\MY DOCUMENTS\DERITRVIVST\DERITRVI\DERITRVI\DEBUG\DERITRVI.OBJ
C:\DOCUMENTS AND SETTINGS\PHILLIP\MY DOCUMENTS\DERITRVIVST\DERITRVI\DERITRVI\DEBUG\DERITRVI.PDB
C:\DOCUMENTS AND SETTINGS\PHILLIP\MY DOCUMENTS\DERITRVIVST\DERITRVI\DERITRVI\DEBUG\DERITRVI.RES
C:\Documents and Settings\phillip\My Documents\DeritrviVST\Deritrvi\Deritrvi\Debug\deritrvi.write.1.tlog
C:\Documents and Settings\phillip\My Documents\DeritrviVST\Deritrvi\Deritrvi\Debug\deritrvi_manifest.rc
C:\DOCUMENTS AND SETTINGS\PHILLIP\MY DOCUMENTS\DERITRVIVST\DERITRVI\DERITRVI\DEBUG\DERITRVIEDITOR.OBJ
C:\DOCUMENTS AND SETTINGS\PHILLIP\MY DOCUMENTS\DERITRVIVST\DERITRVI\DERITRVI\DEBUG\DERITRVIMAIN.OBJ
C:\Documents and Settings\phillip\My Documents\DeritrviVST\Deritrvi\Deritrvi\Debug\link.command.1.tlog
C:\Documents and Settings\phillip\My Documents\DeritrviVST\Deritrvi\Deritrvi\Debug\link.read.1.tlog
C:\Documents and Settings\phillip\My Documents\DeritrviVST\Deritrvi\Deritrvi\Debug\link.write.1.tlog
C:\Documents and Settings\phillip\My Documents\DeritrviVST\Deritrvi\Deritrvi\Debug\link-cvtres.read.1.tlog
C:\Documents and Settings\phillip\My Documents\DeritrviVST\Deritrvi\Deritrvi\Debug\link-cvtres.write.1.tlog
C:\Documents and Settings\phillip\My Documents\DeritrviVST\Deritrvi\Deritrvi\Debug\mt.command.1.tlog
C:\Documents and Settings\phillip\My Documents\DeritrviVST\Deritrvi\Deritrvi\Debug\mt.read.1.tlog
C:\Documents and Settings\phillip\My Documents\DeritrviVST\Deritrvi\Deritrvi\Debug\mt.write.1.tlog
C:\Documents and Settings\phillip\My Documents\DeritrviVST\Deritrvi\Deritrvi\Debug\rc.command.1.tlog
C:\Documents and Settings\phillip\My Documents\DeritrviVST\Deritrvi\Deritrvi\Debug\rc.read.1.tlog
C:\Documents and Settings\phillip\My Documents\DeritrviVST\Deritrvi\Deritrvi\Debug\rc.write.1.tlog
C:\DOCUMENTS AND SETTINGS\PHILLIP\MY DOCUMENTS\DERITRVIVST\DERITRVI\DERITRVI\DEBUG\VC100.PDB
C:\DOCUMENTS AND SETTINGS\PHILLIP\MY DOCUMENTS\DERITRVIVST\DERITRVI\DERITRVI\DEBUG\VSTCONTROLS.OBJ
C:\DOCUMENTS AND SETTINGS\PHILLIP\MY DOCUMENTS\DERITRVIVST\DERITRVI\DERITRVI\DEBUG\VSTGUI.OBJ
C:\DOCUMENTS AND SETTINGS\PHILLIP\MY DOCUMENTS\DERITRVIVST\DERITRVI\DERITRVI\DEBUG\VSTPLUGMAIN.OBJ
